<!DOCTYPE html PUBLIC "-//W3C//DTD XHTML 1.1//EN" "https://www.w3.org/TR/xhtml11/DTD/xhtml11.dtd">
<html xmlns="https://www.w3.org/1999/xhtml">
<head>
<meta http-equiv="content-type" content="text/html; charset=UTF-8"/>
<title>TestNG Report</title>
<style type="text/css">table {margin-bottom:10px;border-collapse:collapse;empty-cells:show}th,td {border:1px solid #009;padding:.25em .5em}th {vertical-align:bottom}td {vertical-align:top}table a {font-weight:bold}.stripe td {background-color: #E6EBF9}.num {text-align:right}.passedodd td {background-color: #3F3}.passedeven td {background-color: #0A0}.skippedodd td {background-color: #DDD}.skippedeven td {background-color: #CCC}.failedodd td,.attn {background-color: #F33}.failedeven td,.stripe .attn {background-color: #D00}.stacktrace {white-space:pre;font-family:monospace}.totop {font-size:85%;text-align:center;border-bottom:2px solid #000}.invisible {display:none}</style>
</head>
<body>
<table>
<tr><th>Test</th><th># Passed</th><th># Skipped</th><th># Retried</th><th># Failed</th><th>Time (ms)</th><th>Included Groups</th><th>Excluded Groups</th></tr>
<tr><th colspan="8">All Test Suite</th></tr>
<tr><td><a href="#t0">/Users/uroskatanic/IdeaProjects/REST-Assured-Framework</a></td><td class="num">27</td><td class="num">0</td><td class="num">0</td><td class="num attn">4</td><td class="num">12,433</td><td></td><td></td></tr>
</table>
<table id='summary'><thead><tr><th>Class</th><th>Method</th><th>Start</th><th>Time (ms)</th></tr></thead><tbody><tr><th colspan="4">All Test Suite</th></tr></tbody><tbody id="t0"><tr><th colspan="4">/Users/uroskatanic/IdeaProjects/REST-Assured-Framework &#8212; failed</th></tr><tr class="failedeven"><td rowspan="4">tests.test_for_books.add_book_store</td><td><a href="#m0">BookStore_AddBook_ID</a></td><td rowspan="1">1687007716898</td><td rowspan="1">638</td></tr><tr class="failedeven"><td><a href="#m1">BookStore_AddBook_Msg</a></td><td rowspan="1">1687007717539</td><td rowspan="1">520</td></tr><tr class="failedeven"><td><a href="#m2">BookStore_AddBook_Status</a></td><td rowspan="1">1687007718060</td><td rowspan="1">526</td></tr><tr class="failedeven"><td><a href="#m3">Existing_book</a></td><td rowspan="1">1687007718587</td><td rowspan="1">516</td></tr><tr><th colspan="4">/Users/uroskatanic/IdeaProjects/REST-Assured-Framework &#8212; passed</th></tr><tr class="passedeven"><td rowspan="1">tests.Google_Maps_POJO.first_test</td><td><a href="#m4">testCase</a></td><td rowspan="1">1687007728772</td><td rowspan="1">545</td></tr><tr class="passedodd"><td rowspan="3">tests.fake_google_maps_api.create_place</td><td><a href="#m5">TestCase01</a></td><td rowspan="1">1687007725191</td><td rowspan="1">1004</td></tr><tr class="passedodd"><td><a href="#m6">TestCase02</a></td><td rowspan="1">1687007726195</td><td rowspan="1">375</td></tr><tr class="passedodd"><td><a href="#m7">TestCase03</a></td><td rowspan="1">1687007726571</td><td rowspan="1">336</td></tr><tr class="passedeven"><td rowspan="2">tests.fake_google_maps_api.delete_place</td><td><a href="#m8">testCase01DeleteJustCreatedPlace</a></td><td rowspan="1">1687007726909</td><td rowspan="1">568</td></tr><tr class="passedeven"><td><a href="#m9">testCase02DeleteNotExistingPlaceID</a></td><td rowspan="1">1687007727481</td><td rowspan="1">541</td></tr><tr class="passedodd"><td rowspan="8">tests.fake_google_maps_api.get_data_for_place</td><td><a href="#m10">TestCase01_Get_Data_for_Place</a></td><td rowspan="1">1687007722648</td><td rowspan="1">361</td></tr><tr class="passedodd"><td><a href="#m11">TestCase02_Check_Name</a></td><td rowspan="1">1687007723010</td><td rowspan="1">354</td></tr><tr class="passedodd"><td><a href="#m12">testCase03_PlaceID_New</a></td><td rowspan="1">1687007723365</td><td rowspan="1">348</td></tr><tr class="passedodd"><td><a href="#m13">testCase04_Check_address</a></td><td rowspan="1">1687007723714</td><td rowspan="1">354</td></tr><tr class="passedodd"><td><a href="#m14">testCase05_Check_types</a></td><td rowspan="1">1687007724068</td><td rowspan="1">356</td></tr><tr class="passedodd"><td><a href="#m15">testCase06_Check_language</a></td><td rowspan="1">1687007724425</td><td rowspan="1">348</td></tr><tr class="passedodd"><td><a href="#m16">testCase07_Check_website</a></td><td rowspan="1">1687007724774</td><td rowspan="1">416</td></tr><tr class="passedodd"><td><a href="#m17">testCase08_Ceheck_body</a></td><td rowspan="1">1687007725191</td><td rowspan="1">0</td></tr><tr class="passedeven"><td rowspan="1">tests.fake_google_maps_api.get_data_for_place_POJO</td><td><a href="#m18">get_data</a></td><td rowspan="1">1687007728389</td><td rowspan="1">382</td></tr><tr class="passedodd"><td rowspan="1">tests.fake_google_maps_api.update_place</td><td><a href="#m19">TestCase03</a></td><td rowspan="1">1687007728022</td><td rowspan="1">366</td></tr><tr class="passedeven"><td rowspan="11">tests.test_for_books.checkMultyBooks</td><td><a href="#m20">checkBookID</a></td><td rowspan="7">1687007720858</td><td rowspan="7">290</td></tr><tr class="passedeven"><td><a href="#m21">checkBookID</a></td></tr><tr class="passedeven"><td><a href="#m22">checkBookID</a></td></tr><tr class="passedeven"><td><a href="#m23">checkBookID</a></td></tr><tr class="passedeven"><td><a href="#m24">checkBookID</a></td></tr><tr class="passedeven"><td><a href="#m25">checkBookID</a></td></tr><tr class="passedeven"><td><a href="#m26">checkBookID</a></td></tr><tr class="passedeven"><td><a href="#m27">incorrect_Books</a></td><td rowspan="4">1687007722339</td><td rowspan="4">308</td></tr><tr class="passedeven"><td><a href="#m28">incorrect_Books</a></td></tr><tr class="passedeven"><td><a href="#m29">incorrect_Books</a></td></tr><tr class="passedeven"><td><a href="#m30">incorrect_Books</a></td></tr></tbody>
</table>
<h2>/Users/uroskatanic/IdeaProjects/REST-Assured-Framework</h2><h3 id="m0">tests.test_for_books.add_book_store#BookStore_AddBook_ID</h3><table class="result"><tr><th>Exception</th></tr><tr><td><div class="stacktrace">java.lang.AssertionError: Wrong status code expected200 received500
	at org.testng.Assert.fail(Assert.java:110)
	at requests.POST_Request.POSTRequest(POST_Request.java:87)
	at tests.test_for_books.add_book_store.BookStore_AddBook_ID(add_book_store.java:38)
	at java.base/jdk.internal.reflect.DirectMethodHandleAccessor.invoke(DirectMethodHandleAccessor.java:104)
	at java.base/java.lang.reflect.Method.invoke(Method.java:578)
	at org.testng.internal.invokers.MethodInvocationHelper.invokeMethod(MethodInvocationHelper.java:139)
	at org.testng.internal.invokers.TestInvoker.invokeMethod(TestInvoker.java:677)
	at org.testng.internal.invokers.TestInvoker.invokeTestMethod(TestInvoker.java:221)
	at org.testng.internal.invokers.MethodRunner.runInSequence(MethodRunner.java:50)
	at org.testng.internal.invokers.TestInvoker$MethodInvocationAgent.invoke(TestInvoker.java:969)
	at org.testng.internal.invokers.TestInvoker.invokeTestMethods(TestInvoker.java:194)
	at org.testng.internal.invokers.TestMethodWorker.invokeTestMethods(TestMethodWorker.java:148)
	at org.testng.internal.invokers.TestMethodWorker.run(TestMethodWorker.java:128)
	at java.base/java.util.ArrayList.forEach(ArrayList.java:1511)
	at org.testng.TestRunner.privateRun(TestRunner.java:829)
	at org.testng.TestRunner.run(TestRunner.java:602)
	at org.testng.SuiteRunner.runTest(SuiteRunner.java:437)
	at org.testng.SuiteRunner.runSequentially(SuiteRunner.java:431)
	at org.testng.SuiteRunner.privateRun(SuiteRunner.java:391)
	at org.testng.SuiteRunner.run(SuiteRunner.java:330)
	at org.testng.SuiteRunnerWorker.runSuite(SuiteRunnerWorker.java:52)
	at org.testng.SuiteRunnerWorker.run(SuiteRunnerWorker.java:95)
	at org.testng.TestNG.runSuitesSequentially(TestNG.java:1256)
	at org.testng.TestNG.runSuitesLocally(TestNG.java:1176)
	at org.testng.TestNG.runSuites(TestNG.java:1099)
	at org.testng.TestNG.run(TestNG.java:1067)
	at org.apache.maven.surefire.testng.TestNGExecutor.run(TestNGExecutor.java:295)
	at org.apache.maven.surefire.testng.TestNGXmlTestSuite.execute(TestNGXmlTestSuite.java:84)
	at org.apache.maven.surefire.testng.TestNGProvider.invoke(TestNGProvider.java:90)
	at org.apache.maven.surefire.booter.ForkedBooter.invokeProviderInSameClassLoader(ForkedBooter.java:203)
	at org.apache.maven.surefire.booter.ForkedBooter.runSuitesInProcess(ForkedBooter.java:155)
	at org.apache.maven.surefire.booter.ForkedBooter.main(ForkedBooter.java:103)
</div></td></tr></table><p class="totop"><a href="#summary">back to summary</a></p>
<h3 id="m1">tests.test_for_books.add_book_store#BookStore_AddBook_Msg</h3><table class="result"><tr><th>Exception</th></tr><tr><td><div class="stacktrace">java.lang.AssertionError: Wrong status code expected200 received500
	at org.testng.Assert.fail(Assert.java:110)
	at requests.POST_Request.POSTRequest(POST_Request.java:87)
	at tests.test_for_books.add_book_store.BookStore_AddBook_Msg(add_book_store.java:33)
	at java.base/jdk.internal.reflect.DirectMethodHandleAccessor.invoke(DirectMethodHandleAccessor.java:104)
	at java.base/java.lang.reflect.Method.invoke(Method.java:578)
	at org.testng.internal.invokers.MethodInvocationHelper.invokeMethod(MethodInvocationHelper.java:139)
	at org.testng.internal.invokers.TestInvoker.invokeMethod(TestInvoker.java:677)
	at org.testng.internal.invokers.TestInvoker.invokeTestMethod(TestInvoker.java:221)
	at org.testng.internal.invokers.MethodRunner.runInSequence(MethodRunner.java:50)
	at org.testng.internal.invokers.TestInvoker$MethodInvocationAgent.invoke(TestInvoker.java:969)
	at org.testng.internal.invokers.TestInvoker.invokeTestMethods(TestInvoker.java:194)
	at org.testng.internal.invokers.TestMethodWorker.invokeTestMethods(TestMethodWorker.java:148)
	at org.testng.internal.invokers.TestMethodWorker.run(TestMethodWorker.java:128)
	at java.base/java.util.ArrayList.forEach(ArrayList.java:1511)
	at org.testng.TestRunner.privateRun(TestRunner.java:829)
	at org.testng.TestRunner.run(TestRunner.java:602)
	at org.testng.SuiteRunner.runTest(SuiteRunner.java:437)
	at org.testng.SuiteRunner.runSequentially(SuiteRunner.java:431)
	at org.testng.SuiteRunner.privateRun(SuiteRunner.java:391)
	at org.testng.SuiteRunner.run(SuiteRunner.java:330)
	at org.testng.SuiteRunnerWorker.runSuite(SuiteRunnerWorker.java:52)
	at org.testng.SuiteRunnerWorker.run(SuiteRunnerWorker.java:95)
	at org.testng.TestNG.runSuitesSequentially(TestNG.java:1256)
	at org.testng.TestNG.runSuitesLocally(TestNG.java:1176)
	at org.testng.TestNG.runSuites(TestNG.java:1099)
	at org.testng.TestNG.run(TestNG.java:1067)
	at org.apache.maven.surefire.testng.TestNGExecutor.run(TestNGExecutor.java:295)
	at org.apache.maven.surefire.testng.TestNGXmlTestSuite.execute(TestNGXmlTestSuite.java:84)
	at org.apache.maven.surefire.testng.TestNGProvider.invoke(TestNGProvider.java:90)
	at org.apache.maven.surefire.booter.ForkedBooter.invokeProviderInSameClassLoader(ForkedBooter.java:203)
	at org.apache.maven.surefire.booter.ForkedBooter.runSuitesInProcess(ForkedBooter.java:155)
	at org.apache.maven.surefire.booter.ForkedBooter.main(ForkedBooter.java:103)
</div></td></tr></table><p class="totop"><a href="#summary">back to summary</a></p>
<h3 id="m2">tests.test_for_books.add_book_store#BookStore_AddBook_Status</h3><table class="result"><tr><th>Exception</th></tr><tr><td><div class="stacktrace">java.lang.AssertionError: Wrong status code expected200 received500
	at org.testng.Assert.fail(Assert.java:110)
	at requests.POST_Request.POSTRequest(POST_Request.java:87)
	at tests.test_for_books.add_book_store.BookStore_AddBook_Status(add_book_store.java:28)
	at java.base/jdk.internal.reflect.DirectMethodHandleAccessor.invoke(DirectMethodHandleAccessor.java:104)
	at java.base/java.lang.reflect.Method.invoke(Method.java:578)
	at org.testng.internal.invokers.MethodInvocationHelper.invokeMethod(MethodInvocationHelper.java:139)
	at org.testng.internal.invokers.TestInvoker.invokeMethod(TestInvoker.java:677)
	at org.testng.internal.invokers.TestInvoker.invokeTestMethod(TestInvoker.java:221)
	at org.testng.internal.invokers.MethodRunner.runInSequence(MethodRunner.java:50)
	at org.testng.internal.invokers.TestInvoker$MethodInvocationAgent.invoke(TestInvoker.java:969)
	at org.testng.internal.invokers.TestInvoker.invokeTestMethods(TestInvoker.java:194)
	at org.testng.internal.invokers.TestMethodWorker.invokeTestMethods(TestMethodWorker.java:148)
	at org.testng.internal.invokers.TestMethodWorker.run(TestMethodWorker.java:128)
	at java.base/java.util.ArrayList.forEach(ArrayList.java:1511)
	at org.testng.TestRunner.privateRun(TestRunner.java:829)
	at org.testng.TestRunner.run(TestRunner.java:602)
	at org.testng.SuiteRunner.runTest(SuiteRunner.java:437)
	at org.testng.SuiteRunner.runSequentially(SuiteRunner.java:431)
	at org.testng.SuiteRunner.privateRun(SuiteRunner.java:391)
	at org.testng.SuiteRunner.run(SuiteRunner.java:330)
	at org.testng.SuiteRunnerWorker.runSuite(SuiteRunnerWorker.java:52)
	at org.testng.SuiteRunnerWorker.run(SuiteRunnerWorker.java:95)
	at org.testng.TestNG.runSuitesSequentially(TestNG.java:1256)
	at org.testng.TestNG.runSuitesLocally(TestNG.java:1176)
	at org.testng.TestNG.runSuites(TestNG.java:1099)
	at org.testng.TestNG.run(TestNG.java:1067)
	at org.apache.maven.surefire.testng.TestNGExecutor.run(TestNGExecutor.java:295)
	at org.apache.maven.surefire.testng.TestNGXmlTestSuite.execute(TestNGXmlTestSuite.java:84)
	at org.apache.maven.surefire.testng.TestNGProvider.invoke(TestNGProvider.java:90)
	at org.apache.maven.surefire.booter.ForkedBooter.invokeProviderInSameClassLoader(ForkedBooter.java:203)
	at org.apache.maven.surefire.booter.ForkedBooter.runSuitesInProcess(ForkedBooter.java:155)
	at org.apache.maven.surefire.booter.ForkedBooter.main(ForkedBooter.java:103)
</div></td></tr></table><p class="totop"><a href="#summary">back to summary</a></p>
<h3 id="m3">tests.test_for_books.add_book_store#Existing_book</h3><table class="result"><tr><th>Exception</th></tr><tr><td><div class="stacktrace">java.lang.AssertionError: Wrong status code expected404 received500
	at org.testng.Assert.fail(Assert.java:110)
	at requests.POST_Request.POSTRequest(POST_Request.java:87)
	at tests.test_for_books.add_book_store.Existing_book(add_book_store.java:24)
	at java.base/jdk.internal.reflect.DirectMethodHandleAccessor.invoke(DirectMethodHandleAccessor.java:104)
	at java.base/java.lang.reflect.Method.invoke(Method.java:578)
	at org.testng.internal.invokers.MethodInvocationHelper.invokeMethod(MethodInvocationHelper.java:139)
	at org.testng.internal.invokers.TestInvoker.invokeMethod(TestInvoker.java:677)
	at org.testng.internal.invokers.TestInvoker.invokeTestMethod(TestInvoker.java:221)
	at org.testng.internal.invokers.MethodRunner.runInSequence(MethodRunner.java:50)
	at org.testng.internal.invokers.TestInvoker$MethodInvocationAgent.invoke(TestInvoker.java:969)
	at org.testng.internal.invokers.TestInvoker.invokeTestMethods(TestInvoker.java:194)
	at org.testng.internal.invokers.TestMethodWorker.invokeTestMethods(TestMethodWorker.java:148)
	at org.testng.internal.invokers.TestMethodWorker.run(TestMethodWorker.java:128)
	at java.base/java.util.ArrayList.forEach(ArrayList.java:1511)
	at org.testng.TestRunner.privateRun(TestRunner.java:829)
	at org.testng.TestRunner.run(TestRunner.java:602)
	at org.testng.SuiteRunner.runTest(SuiteRunner.java:437)
	at org.testng.SuiteRunner.runSequentially(SuiteRunner.java:431)
	at org.testng.SuiteRunner.privateRun(SuiteRunner.java:391)
	at org.testng.SuiteRunner.run(SuiteRunner.java:330)
	at org.testng.SuiteRunnerWorker.runSuite(SuiteRunnerWorker.java:52)
	at org.testng.SuiteRunnerWorker.run(SuiteRunnerWorker.java:95)
	at org.testng.TestNG.runSuitesSequentially(TestNG.java:1256)
	at org.testng.TestNG.runSuitesLocally(TestNG.java:1176)
	at org.testng.TestNG.runSuites(TestNG.java:1099)
	at org.testng.TestNG.run(TestNG.java:1067)
	at org.apache.maven.surefire.testng.TestNGExecutor.run(TestNGExecutor.java:295)
	at org.apache.maven.surefire.testng.TestNGXmlTestSuite.execute(TestNGXmlTestSuite.java:84)
	at org.apache.maven.surefire.testng.TestNGProvider.invoke(TestNGProvider.java:90)
	at org.apache.maven.surefire.booter.ForkedBooter.invokeProviderInSameClassLoader(ForkedBooter.java:203)
	at org.apache.maven.surefire.booter.ForkedBooter.runSuitesInProcess(ForkedBooter.java:155)
	at org.apache.maven.surefire.booter.ForkedBooter.main(ForkedBooter.java:103)
</div></td></tr></table><p class="totop"><a href="#summary">back to summary</a></p>
<h3 id="m4">tests.Google_Maps_POJO.first_test#testCase</h3><table class="result"><tr><th class="invisible"/></tr></table><p class="totop"><a href="#summary">back to summary</a></p>
<h3 id="m5">tests.fake_google_maps_api.create_place#TestCase01</h3><table class="result"><tr><th class="invisible"/></tr></table><p class="totop"><a href="#summary">back to summary</a></p>
<h3 id="m6">tests.fake_google_maps_api.create_place#TestCase02</h3><table class="result"><tr><th class="invisible"/></tr></table><p class="totop"><a href="#summary">back to summary</a></p>
<h3 id="m7">tests.fake_google_maps_api.create_place#TestCase03</h3><table class="result"><tr><th class="invisible"/></tr></table><p class="totop"><a href="#summary">back to summary</a></p>
<h3 id="m8">tests.fake_google_maps_api.delete_place#testCase01DeleteJustCreatedPlace</h3><table class="result"><tr><th class="invisible"/></tr></table><p class="totop"><a href="#summary">back to summary</a></p>
<h3 id="m9">tests.fake_google_maps_api.delete_place#testCase02DeleteNotExistingPlaceID</h3><table class="result"><tr><th class="invisible"/></tr></table><p class="totop"><a href="#summary">back to summary</a></p>
<h3 id="m10">tests.fake_google_maps_api.get_data_for_place#TestCase01_Get_Data_for_Place</h3><table class="result"><tr><th class="invisible"/></tr></table><p class="totop"><a href="#summary">back to summary</a></p>
<h3 id="m11">tests.fake_google_maps_api.get_data_for_place#TestCase02_Check_Name</h3><table class="result"><tr><th class="invisible"/></tr></table><p class="totop"><a href="#summary">back to summary</a></p>
<h3 id="m12">tests.fake_google_maps_api.get_data_for_place#testCase03_PlaceID_New</h3><table class="result"><tr><th class="invisible"/></tr></table><p class="totop"><a href="#summary">back to summary</a></p>
<h3 id="m13">tests.fake_google_maps_api.get_data_for_place#testCase04_Check_address</h3><table class="result"><tr><th class="invisible"/></tr></table><p class="totop"><a href="#summary">back to summary</a></p>
<h3 id="m14">tests.fake_google_maps_api.get_data_for_place#testCase05_Check_types</h3><table class="result"><tr><th class="invisible"/></tr></table><p class="totop"><a href="#summary">back to summary</a></p>
<h3 id="m15">tests.fake_google_maps_api.get_data_for_place#testCase06_Check_language</h3><table class="result"><tr><th class="invisible"/></tr></table><p class="totop"><a href="#summary">back to summary</a></p>
<h3 id="m16">tests.fake_google_maps_api.get_data_for_place#testCase07_Check_website</h3><table class="result"><tr><th class="invisible"/></tr></table><p class="totop"><a href="#summary">back to summary</a></p>
<h3 id="m17">tests.fake_google_maps_api.get_data_for_place#testCase08_Ceheck_body</h3><table class="result"><tr><th class="invisible"/></tr></table><p class="totop"><a href="#summary">back to summary</a></p>
<h3 id="m18">tests.fake_google_maps_api.get_data_for_place_POJO#get_data</h3><table class="result"><tr><th class="invisible"/></tr></table><p class="totop"><a href="#summary">back to summary</a></p>
<h3 id="m19">tests.fake_google_maps_api.update_place#TestCase03</h3><table class="result"><tr><th class="invisible"/></tr></table><p class="totop"><a href="#summary">back to summary</a></p>
<h3 id="m20">tests.test_for_books.checkMultyBooks#checkBookID</h3><table class="result"><tr class="param"><th>Parameter #1</th></tr><tr class="param stripe"><td>13</td></tr></table><p class="totop"><a href="#summary">back to summary</a></p>
<h3 id="m21">tests.test_for_books.checkMultyBooks#checkBookID</h3><table class="result"><tr class="param"><th>Parameter #1</th></tr><tr class="param stripe"><td>45</td></tr></table><p class="totop"><a href="#summary">back to summary</a></p>
<h3 id="m22">tests.test_for_books.checkMultyBooks#checkBookID</h3><table class="result"><tr class="param"><th>Parameter #1</th></tr><tr class="param stripe"><td>11</td></tr></table><p class="totop"><a href="#summary">back to summary</a></p>
<h3 id="m23">tests.test_for_books.checkMultyBooks#checkBookID</h3><table class="result"><tr class="param"><th>Parameter #1</th></tr><tr class="param stripe"><td>32</td></tr></table><p class="totop"><a href="#summary">back to summary</a></p>
<h3 id="m24">tests.test_for_books.checkMultyBooks#checkBookID</h3><table class="result"><tr class="param"><th>Parameter #1</th></tr><tr class="param stripe"><td>21</td></tr></table><p class="totop"><a href="#summary">back to summary</a></p>
<h3 id="m25">tests.test_for_books.checkMultyBooks#checkBookID</h3><table class="result"><tr class="param"><th>Parameter #1</th></tr><tr class="param stripe"><td>45</td></tr></table><p class="totop"><a href="#summary">back to summary</a></p>
<h3 id="m26">tests.test_for_books.checkMultyBooks#checkBookID</h3><table class="result"><tr class="param"><th>Parameter #1</th></tr><tr class="param stripe"><td>22</td></tr></table><p class="totop"><a href="#summary">back to summary</a></p>
<h3 id="m27">tests.test_for_books.checkMultyBooks#incorrect_Books</h3><table class="result"><tr class="param"><th>Parameter #1</th></tr><tr class="param stripe"><td>3123</td></tr></table><p class="totop"><a href="#summary">back to summary</a></p>
<h3 id="m28">tests.test_for_books.checkMultyBooks#incorrect_Books</h3><table class="result"><tr class="param"><th>Parameter #1</th></tr><tr class="param stripe"><td>4221</td></tr></table><p class="totop"><a href="#summary">back to summary</a></p>
<h3 id="m29">tests.test_for_books.checkMultyBooks#incorrect_Books</h3><table class="result"><tr class="param"><th>Parameter #1</th></tr><tr class="param stripe"><td>0022</td></tr></table><p class="totop"><a href="#summary">back to summary</a></p>
<h3 id="m30">tests.test_for_books.checkMultyBooks#incorrect_Books</h3><table class="result"><tr class="param"><th>Parameter #1</th></tr><tr class="param stripe"><td>3321</td></tr></table><p class="totop"><a href="#summary">back to summary</a></p>
</body>
</html>
